<?xml version="1.0" encoding="UTF-8"?>
<!-- Generated by org.testng.reporters.JUnitXMLReporter -->
<testsuite ignored="0" hostname="DESKTOP-REPRHC5" failures="0" tests="3" name="Default test" time="11.832" errors="0" timestamp="2026-09-21T08:52:51 EEST">
  <testcase classname="testsCases.GrandinRoadSearchTest" name="testSearch" time="1.357"/>
  <testcase classname="testsCases.GrandinRoadSearchTest" name="testSearch" time="1.307"/>
  <testcase classname="testsCases.GrandinRoadSearchTest" name="testSearch" time="1.164"/>
</testsuite> <!-- Default test -->
