<?xml version="1.0" encoding="UTF-8"?>
<testng-results ignored="0" total="1" passed="1" failed="0" skipped="0">
  <reporter-output>
  </reporter-output>
  <suite started-at="2026-09-24T00:30:27 EEST" name="Default suite" finished-at="2026-09-24T00:30:53 EEST" duration-ms="26463">
    <groups>
    </groups>
    <test started-at="2026-09-24T00:30:27 EEST" name="Default test" finished-at="2026-09-24T00:30:53 EEST" duration-ms="26463">
      <class name="testsCases.GrandinRoadProductDetailsTest">
        <test-method is-config="true" signature="setUp()[pri:0, instance:testsCases.GrandinRoadProductDetailsTest@ba2f4ec]" started-at="2026-09-24T00:30:27 EEST" name="setUp" finished-at="2026-09-24T00:30:32 EEST" duration-ms="4877" status="PASS">
          <reporter-output>
          </reporter-output>
        </test-method> <!-- setUp -->
        <test-method signature="testProductDetailsValidation()[pri:0, instance:testsCases.GrandinRoadProductDetailsTest@ba2f4ec]" started-at="2026-09-24T00:30:32 EEST" name="testProductDetailsValidation" finished-at="2026-09-24T00:30:53 EEST" duration-ms="21316" status="PASS">
          <reporter-output>
          </reporter-output>
        </test-method> <!-- testProductDetailsValidation -->
        <test-method is-config="true" signature="tearDown()[pri:0, instance:testsCases.GrandinRoadProductDetailsTest@ba2f4ec]" started-at="2026-09-24T00:30:53 EEST" name="tearDown" finished-at="2026-09-24T00:30:53 EEST" duration-ms="237" status="PASS">
          <reporter-output>
          </reporter-output>
        </test-method> <!-- tearDown -->
      </class> <!-- testsCases.GrandinRoadProductDetailsTest -->
    </test> <!-- Default test -->
  </suite> <!-- Default suite -->
</testng-results>
