<?xml version="1.0" encoding="UTF-8"?>
<testng-results ignored="0" total="3" passed="3" failed="0" skipped="0">
  <reporter-output>
  </reporter-output>
  <suite started-at="2026-09-21T08:52:39 EEST" name="Default suite" finished-at="2026-09-21T08:52:51 EEST" duration-ms="11832">
    <groups>
    </groups>
    <test started-at="2026-09-21T08:52:39 EEST" name="Default test" finished-at="2026-09-21T08:52:51 EEST" duration-ms="11832">
      <class name="testsCases.GrandinRoadSearchTest">
        <test-method is-config="true" signature="setUp()[pri:0, instance:testsCases.GrandinRoadSearchTest@3bd82cf5]" started-at="2026-09-21T08:52:39 EEST" name="setUp" finished-at="2026-09-21T08:52:47 EEST" duration-ms="7672" status="PASS">
          <reporter-output>
          </reporter-output>
        </test-method> <!-- setUp -->
        <test-method signature="testSearch(java.lang.String)[pri:0, instance:testsCases.GrandinRoadSearchTest@3bd82cf5]" started-at="2026-09-21T08:52:47 EEST" name="testSearch" data-provider="searchDataProvider" finished-at="2026-09-21T08:52:48 EEST" duration-ms="1357" status="PASS">
          <params>
            <param index="0">
              <value>
                <![CDATA[lamp]]>
              </value>
            </param>
          </params>
          <reporter-output>
          </reporter-output>
        </test-method> <!-- testSearch -->
        <test-method signature="testSearch(java.lang.String)[pri:0, instance:testsCases.GrandinRoadSearchTest@3bd82cf5]" started-at="2026-09-21T08:52:49 EEST" name="testSearch" data-provider="searchDataProvider" finished-at="2026-09-21T08:52:50 EEST" duration-ms="1307" status="PASS">
          <params>
            <param index="0">
              <value>
                <![CDATA[chairs]]>
              </value>
            </param>
          </params>
          <reporter-output>
          </reporter-output>
        </test-method> <!-- testSearch -->
        <test-method signature="testSearch(java.lang.String)[pri:0, instance:testsCases.GrandinRoadSearchTest@3bd82cf5]" started-at="2026-09-21T08:52:50 EEST" name="testSearch" data-provider="searchDataProvider" finished-at="2026-09-21T08:52:51 EEST" duration-ms="1164" status="PASS">
          <params>
            <param index="0">
              <value>
                <![CDATA[bed]]>
              </value>
            </param>
          </params>
          <reporter-output>
          </reporter-output>
        </test-method> <!-- testSearch -->
        <test-method is-config="true" signature="tearDown()[pri:0, instance:testsCases.GrandinRoadSearchTest@3bd82cf5]" started-at="2026-09-21T08:52:51 EEST" name="tearDown" finished-at="2026-09-21T08:52:51 EEST" duration-ms="259" status="PASS">
          <reporter-output>
          </reporter-output>
        </test-method> <!-- tearDown -->
      </class> <!-- testsCases.GrandinRoadSearchTest -->
    </test> <!-- Default test -->
  </suite> <!-- Default suite -->
</testng-results>
