<?xml version="1.0" encoding="UTF-8"?>
<!-- Generated by org.testng.reporters.JUnitReportReporter -->
<testsuite hostname="DESKTOP-REPRHC5" failures="0" tests="3" name="testsCases.GrandinRoadSearchTest" time="7.014" errors="0" timestamp="2026-09-22T23:15:06 EEST" skipped="0">
  <testcase classname="testsCases.GrandinRoadSearchTest" name="testSearch" time="2.427"/>
  <testcase classname="testsCases.GrandinRoadSearchTest" name="testSearch" time="2.582"/>
  <testcase classname="testsCases.GrandinRoadSearchTest" name="testSearch" time="2.005"/>
</testsuite> <!-- testsCases.GrandinRoadSearchTest -->
