<?xml version="1.0" encoding="UTF-8"?>
<!-- Generated by org.testng.reporters.JUnitReportReporter -->
<testsuite hostname="DESKTOP-REPRHC5" failures="0" tests="3" name="testsCases.GrandinRoadSearchTest" time="3.828" errors="0" timestamp="2026-09-21T08:52:51 EEST" skipped="0">
  <testcase classname="testsCases.GrandinRoadSearchTest" name="testSearch" time="1.164"/>
  <testcase classname="testsCases.GrandinRoadSearchTest" name="testSearch" time="1.357"/>
  <testcase classname="testsCases.GrandinRoadSearchTest" name="testSearch" time="1.307"/>
</testsuite> <!-- testsCases.GrandinRoadSearchTest -->
